     1                                  	segment	.data
     2 00000000 02                      a	db	2
     3 00000001 0400                    b	dw	4
     4 00000003 FEFFFFFF                c	dd	-2
     5 00000007 FCFFFFFFFFFFFFFF        d	dq	-4
     6                                  
     7                                  	segment	.text
     8                                  	global	_start
     9                                  _start:
    10 00000000 488B0425[00000000]      	mov	rax,[a]
    11 00000008 480FBE0425-             	movsx	rax,byte [a]
    11 0000000D [00000000]         
    12 00000011 488B1C25[01000000]      	mov	rbx,[b]
    13 00000019 480FBF1C25-             	movsx	rbx, word [b]
    13 0000001E [01000000]         
    14 00000022 488B0C25[03000000]      	mov	rcx, [c]
    15 0000002A 48630C25[03000000]      	movsxd	rcx, dword [c]
    16 00000032 488B1425[07000000]      	mov	rdx, [d]
    17                                  ;	movsx	rdx, qword [d]
    18                                  
    19                                  _add:
    20 0000003A 4801D8                  	add	rax, rbx
    21 0000003D 4801C8                  	add	rax, rcx
    22 00000040 4801D0                  	add	rax, rdx
    23                                  	
    24                                  _quit:
    25 00000043 B801000000              	mov	rax, 1
    26 00000048 BB00000000              	mov	rbx, 0
    27 0000004D CD80                    	int 	0x80
